\BOOKMARK [1][-]{section.1}{Introduction}{}% 1
\BOOKMARK [2][-]{subsection.1.1}{The mass\205count distinction and verbal aspect}{section.1}% 2
\BOOKMARK [2][-]{subsection.1.2}{Event construal via linguistic encoding}{section.1}% 3
\BOOKMARK [2][-]{subsection.1.3}{Key theoretical predictions and the current studies}{section.1}% 4
\BOOKMARK [2][-]{subsection.1.4}{Stimuli used for all studies}{section.1}% 5
\BOOKMARK [1][-]{section.2}{Experiment 1a: Open estimates of event duration}{}% 6
\BOOKMARK [2][-]{subsection.2.1}{Methods}{section.2}% 7
\BOOKMARK [3][-]{subsubsection.2.1.1}{Participants}{subsection.2.1}% 8
\BOOKMARK [3][-]{subsubsection.2.1.2}{Stimuli}{subsection.2.1}% 9
\BOOKMARK [3][-]{subsubsection.2.1.3}{Procedure}{subsection.2.1}% 10
\BOOKMARK [2][-]{subsection.2.2}{Results}{section.2}% 11
\BOOKMARK [2][-]{subsection.2.3}{Replication: Experiment 1b}{section.2}% 12
\BOOKMARK [2][-]{subsection.2.4}{Discussion of Experiments 1a and 1b}{section.2}% 13
\BOOKMARK [1][-]{section.3}{Experiment 2: Categorizations of event duration}{}% 14
\BOOKMARK [2][-]{subsection.3.1}{Method}{section.3}% 15
\BOOKMARK [3][-]{subsubsection.3.1.1}{Participants}{subsection.3.1}% 16
\BOOKMARK [3][-]{subsubsection.3.1.2}{Stimuli}{subsection.3.1}% 17
\BOOKMARK [2][-]{subsection.3.2}{Results}{section.3}% 18
\BOOKMARK [2][-]{subsection.3.3}{Discussion of Experiment 2}{section.3}% 19
\BOOKMARK [1][-]{section.4}{Experiment 3a: Event repetition}{}% 20
\BOOKMARK [2][-]{subsection.4.1}{Methods}{section.4}% 21
\BOOKMARK [3][-]{subsubsection.4.1.1}{Participants}{subsection.4.1}% 22
\BOOKMARK [3][-]{subsubsection.4.1.2}{Procedure}{subsection.4.1}% 23
\BOOKMARK [3][-]{subsubsection.4.1.3}{Stimuli}{subsection.4.1}% 24
\BOOKMARK [2][-]{subsection.4.2}{Results}{section.4}% 25
\BOOKMARK [2][-]{subsection.4.3}{Replication: Experiment 3b}{section.4}% 26
\BOOKMARK [2][-]{subsection.4.4}{Discussion of Experiment 3a and 3b}{section.4}% 27
\BOOKMARK [1][-]{section.5}{Experiment 4: Event Similarity}{}% 28
\BOOKMARK [2][-]{subsection.5.1}{Methods}{section.5}% 29
\BOOKMARK [3][-]{subsubsection.5.1.1}{Participants}{subsection.5.1}% 30
\BOOKMARK [3][-]{subsubsection.5.1.2}{Procedure}{subsection.5.1}% 31
\BOOKMARK [3][-]{subsubsection.5.1.3}{Stimuli}{subsection.5.1}% 32
\BOOKMARK [2][-]{subsection.5.2}{Results}{section.5}% 33
\BOOKMARK [2][-]{subsection.5.3}{Discussion of Experiment 4}{section.5}% 34
\BOOKMARK [1][-]{section.6}{General Discussion}{}% 35
